<?xml version="1.0" encoding="UTF-8"?>
<!-- Generated by org.testng.reporters.JUnitReportReporter -->
<testsuite hostname="DESKTOP-SO5U9F0" failures="0" tests="3" name="com.crm.qa.testCases.LoginPageTest" time="11.999" errors="0" timestamp="2025-08-22T14:46:26 IST" skipped="0">
  <testcase classname="com.crm.qa.testCases.LoginPageTest" name="LoginPageTitleTest" time="4.188"/>
  <testcase classname="com.crm.qa.testCases.LoginPageTest" name="orangHRMLogoTest" time="3.862"/>
  <testcase classname="com.crm.qa.testCases.LoginPageTest" name="loginTest" time="3.949"/>
</testsuite> <!-- com.crm.qa.testCases.LoginPageTest -->
