<?xml version="1.0" encoding="UTF-8"?>
<!-- Generated by org.testng.reporters.JUnitReportReporter -->
<testsuite hostname="DESKTOP-SO5U9F0" failures="0" tests="1" name="com.crm.qa.testCases.InteractionPageTest" time="12.806" errors="0" timestamp="2025-09-29T19:01:16 IST" skipped="0">
  <testcase classname="com.crm.qa.testCases.InteractionPageTest" name="verifyDropableTab" time="12.806"/>
</testsuite> <!-- com.crm.qa.testCases.InteractionPageTest -->
