<?xml version="1.0" encoding="UTF-8"?>
<!-- Generated by org.testng.reporters.JUnitReportReporter -->
<testsuite hostname="DESKTOP-SO5U9F0" failures="0" tests="8" name="com.crm.qa.testCases.ElementPageTest" time="110.578" errors="0" timestamp="2025-09-01T13:16:04 IST" skipped="0">
  <testcase classname="com.crm.qa.testCases.ElementPageTest" name="verifyElementsTextTest" time="8.907"/>
  <testcase classname="com.crm.qa.testCases.ElementPageTest" name="verifyClickOnTextBox" time="9.164"/>
  <testcase classname="com.crm.qa.testCases.ElementPageTest" name="verifyClickOnCheckBox" time="8.875"/>
  <testcase classname="com.crm.qa.testCases.ElementPageTest" name="chekRadioButtons" time="9.285"/>
  <testcase classname="com.crm.qa.testCases.ElementPageTest" name="webTablesFlow" time="10.237"/>
  <testcase classname="com.crm.qa.testCases.ElementPageTest" name="validateButtonTextOnMenu" time="13.172"/>
  <testcase classname="com.crm.qa.testCases.ElementPageTest" name="verifiedWindowAndAllLinks" time="21.634"/>
  <testcase classname="com.crm.qa.testCases.ElementPageTest" name="verifyBrokenLinks" time="29.304"/>
</testsuite> <!-- com.crm.qa.testCases.ElementPageTest -->
