<?xml version="1.0" encoding="UTF-8"?>
<!-- Generated by org.testng.reporters.JUnitReportReporter -->
<testsuite hostname="DESKTOP-SO5U9F0" failures="0" tests="8" name="com.crm.qa.testCases.ElementPageTest" time="75.812" errors="0" timestamp="2025-09-29T12:30:10 IST" skipped="0">
  <testcase classname="com.crm.qa.testCases.ElementPageTest" name="verifyElementsTextTest" time="5.498"/>
  <testcase classname="com.crm.qa.testCases.ElementPageTest" name="verifyClickOnTextBox" time="12.123"/>
  <testcase classname="com.crm.qa.testCases.ElementPageTest" name="verifyClickOnCheckBox" time="5.362"/>
  <testcase classname="com.crm.qa.testCases.ElementPageTest" name="chekRadioButtons" time="5.316"/>
  <testcase classname="com.crm.qa.testCases.ElementPageTest" name="webTablesFlow" time="6.986"/>
  <testcase classname="com.crm.qa.testCases.ElementPageTest" name="validateButtonTextOnMenu" time="9.624"/>
  <testcase classname="com.crm.qa.testCases.ElementPageTest" name="verifiedWindowAndAllLinks" time="18.804"/>
  <testcase classname="com.crm.qa.testCases.ElementPageTest" name="verifyBrokenLinks" time="12.099"/>
</testsuite> <!-- com.crm.qa.testCases.ElementPageTest -->
