<?xml version="1.0" encoding="UTF-8"?>
<!-- Generated by org.testng.reporters.JUnitReportReporter -->
<testsuite hostname="DESKTOP-SO5U9F0" failures="0" tests="4" name="com.crm.qa.testCases.WidgetsPageTest" time="52.256" errors="0" timestamp="2025-09-15T13:09:10 IST" skipped="0">
  <testcase classname="com.crm.qa.testCases.WidgetsPageTest" name="verifyWidgetsAccordianTab" time="9.322"/>
  <testcase classname="com.crm.qa.testCases.WidgetsPageTest" name="verifyAutoCompleteTab" time="10.683"/>
  <testcase classname="com.crm.qa.testCases.WidgetsPageTest" name="verifySliderTab" time="8.475"/>
  <testcase classname="com.crm.qa.testCases.WidgetsPageTest" name="verifyProgressBar" time="23.776"/>
</testsuite> <!-- com.crm.qa.testCases.WidgetsPageTest -->
