<?xml version="1.0" encoding="UTF-8"?>
<!-- Generated by org.testng.reporters.JUnitReportReporter -->
<testsuite hostname="DESKTOP-SO5U9F0" failures="0" tests="1" name="com.crm.qa.testCases.BookStoreApplicationPageTest" time="10.148" errors="0" timestamp="2025-10-06T12:27:04 IST" skipped="0">
  <testcase classname="com.crm.qa.testCases.BookStoreApplicationPageTest" name="verifyBookStoreApplication" time="10.148"/>
</testsuite> <!-- com.crm.qa.testCases.BookStoreApplicationPageTest -->
