<?xml version="1.0" encoding="UTF-8"?>
<!-- Generated by org.testng.reporters.JUnitReportReporter -->
<testsuite hostname="DESKTOP-SO5U9F0" failures="0" tests="7" name="com.crm.qa.testCases.ElementPageTest" time="59.109" errors="0" timestamp="2025-08-29T18:06:13 IST" skipped="0">
  <testcase classname="com.crm.qa.testCases.ElementPageTest" name="verifyElementsTextTest" time="4.206"/>
  <testcase classname="com.crm.qa.testCases.ElementPageTest" name="verifyClickOnTextBox" time="4.680"/>
  <testcase classname="com.crm.qa.testCases.ElementPageTest" name="verifyClickOnCheckBox" time="6.092"/>
  <testcase classname="com.crm.qa.testCases.ElementPageTest" name="chekRadioButtons" time="4.459"/>
  <testcase classname="com.crm.qa.testCases.ElementPageTest" name="webTablesFlow" time="7.254"/>
  <testcase classname="com.crm.qa.testCases.ElementPageTest" name="validateButtonTextOnMenu" time="8.673"/>
  <testcase classname="com.crm.qa.testCases.ElementPageTest" name="verifiedWindowAndAllLinks" time="23.745"/>
</testsuite> <!-- com.crm.qa.testCases.ElementPageTest -->
