<?xml version="1.0" encoding="UTF-8"?>
<!-- Generated by org.testng.reporters.JUnitReportReporter -->
<testsuite hostname="DESKTOP-SO5U9F0" failures="0" tests="1" name="com.crm.qa.testCases.WidgetsPageTest" time="28.214" errors="0" timestamp="2025-09-24T14:50:03 IST" skipped="0">
  <testcase classname="com.crm.qa.testCases.WidgetsPageTest" name="verifyMenu" time="28.214"/>
</testsuite> <!-- com.crm.qa.testCases.WidgetsPageTest -->
