<?xml version="1.0" encoding="UTF-8"?>
<!-- Generated by org.testng.reporters.JUnitReportReporter -->
<testsuite hostname="DESKTOP-SO5U9F0" failures="0" tests="6" name="com.crm.qa.testCases.DashboardPageTest" time="31.540" errors="0" timestamp="2025-08-22T18:30:49 IST" skipped="0">
  <testcase classname="com.crm.qa.testCases.DashboardPageTest" name="verifyDashboardPageTitleTest" time="3.877"/>
  <testcase classname="com.crm.qa.testCases.DashboardPageTest" name="verifyDashboardTextTest" time="5.324"/>
  <testcase classname="com.crm.qa.testCases.DashboardPageTest" name="verifyTimeAtWorkTextTest" time="5.283"/>
  <testcase classname="com.crm.qa.testCases.DashboardPageTest" name="verifyMyActionsTextTest" time="5.323"/>
  <testcase classname="com.crm.qa.testCases.DashboardPageTest" name="verifyQuickLaunchTextTest" time="5.643"/>
  <testcase classname="com.crm.qa.testCases.DashboardPageTest" name="verifyClickOnRecruitmentLinkTest" time="6.090"/>
</testsuite> <!-- com.crm.qa.testCases.DashboardPageTest -->
