<?xml version="1.0" encoding="UTF-8"?>
<!-- Generated by org.testng.reporters.JUnitReportReporter -->
<testsuite hostname="DESKTOP-SO5U9F0" failures="0" tests="2" name="com.crm.qa.testCases.FormsPageTest" time="27.362" errors="0" timestamp="2025-09-05T10:29:38 IST" skipped="0">
  <testcase classname="com.crm.qa.testCases.FormsPageTest" name="verifyFormsText" time="11.379"/>
  <testcase classname="com.crm.qa.testCases.FormsPageTest" name="verifySubmitForm" time="15.983"/>
</testsuite> <!-- com.crm.qa.testCases.FormsPageTest -->
