<?xml version="1.0" encoding="UTF-8"?>
<!-- Generated by org.testng.reporters.JUnitReportReporter -->
<testsuite hostname="DESKTOP-SO5U9F0" failures="0" tests="5" name="com.crm.qa.testCases.InteractionPageTest" time="79.042" errors="0" timestamp="2025-10-01T13:10:12 IST" skipped="0">
  <testcase classname="com.crm.qa.testCases.InteractionPageTest" name="verifyInteractionText" time="8.541"/>
  <testcase classname="com.crm.qa.testCases.InteractionPageTest" name="verifySelectableTab" time="11.927"/>
  <testcase classname="com.crm.qa.testCases.InteractionPageTest" name="verifyResizableTab" time="11.304"/>
  <testcase classname="com.crm.qa.testCases.InteractionPageTest" name="verifyDropableTab" time="22.315"/>
  <testcase classname="com.crm.qa.testCases.InteractionPageTest" name="verifyDraggableTab" time="24.955"/>
</testsuite> <!-- com.crm.qa.testCases.InteractionPageTest -->
