<?xml version="1.0" encoding="UTF-8"?>
<!-- Generated by org.testng.reporters.JUnitReportReporter -->
<testsuite hostname="DESKTOP-SO5U9F0" failures="0" tests="1" name="com.crm.qa.testCases.InteractionPageTest" time="6.533" errors="0" timestamp="2025-09-30T19:06:15 IST" skipped="0">
  <testcase classname="com.crm.qa.testCases.InteractionPageTest" name="verifyDraggableTab" time="6.533"/>
</testsuite> <!-- com.crm.qa.testCases.InteractionPageTest -->
