<?xml version="1.0" encoding="UTF-8"?>
<!-- Generated by org.testng.reporters.JUnitReportReporter -->
<testsuite hostname="DESKTOP-SO5U9F0" failures="0" tests="1" name="com.crm.qa.testCases.WidgetsPageTest" time="9.917" errors="0" timestamp="2025-09-11T13:28:41 IST" skipped="0">
  <testcase classname="com.crm.qa.testCases.WidgetsPageTest" name="verifySliderTab" time="9.917"/>
</testsuite> <!-- com.crm.qa.testCases.WidgetsPageTest -->
