<?xml version="1.0" encoding="UTF-8"?>
<!-- Generated by org.testng.reporters.JUnitReportReporter -->
<testsuite hostname="DESKTOP-SO5U9F0" failures="0" tests="2" name="com.crm.qa.testCases.InteractionPageTest" time="21.408" errors="0" timestamp="2025-09-29T14:49:12 IST" skipped="0">
  <testcase classname="com.crm.qa.testCases.InteractionPageTest" name="verifyInteractionText" time="8.659"/>
  <testcase classname="com.crm.qa.testCases.InteractionPageTest" name="verifySelectableTab" time="12.749"/>
</testsuite> <!-- com.crm.qa.testCases.InteractionPageTest -->
