<?xml version="1.0" encoding="UTF-8"?>
<!-- Generated by org.testng.reporters.JUnitReportReporter -->
<testsuite hostname="DESKTOP-SO5U9F0" failures="0" tests="2" name="com.crm.qa.testCases.WidgetsPageTest" time="24.123" errors="0" timestamp="2025-09-11T13:02:25 IST" skipped="0">
  <testcase classname="com.crm.qa.testCases.WidgetsPageTest" name="verifyWidgetsAccordianTab" time="11.936"/>
  <testcase classname="com.crm.qa.testCases.WidgetsPageTest" name="verifyAutoCompleteTab" time="12.187"/>
</testsuite> <!-- com.crm.qa.testCases.WidgetsPageTest -->
