<?xml version="1.0" encoding="UTF-8"?>
<!-- Generated by org.testng.reporters.JUnitReportReporter -->
<testsuite hostname="DESKTOP-SO5U9F0" failures="0" tests="6" name="com.crm.qa.testCases.WidgetsPageTest" time="113.866" errors="0" timestamp="2025-09-15T15:53:54 IST" skipped="0">
  <testcase classname="com.crm.qa.testCases.WidgetsPageTest" name="verifyWidgetsAccordianTab" time="13.480"/>
  <testcase classname="com.crm.qa.testCases.WidgetsPageTest" name="verifyAutoCompleteTab" time="15.379"/>
  <testcase classname="com.crm.qa.testCases.WidgetsPageTest" name="verifySliderTab" time="12.377"/>
  <testcase classname="com.crm.qa.testCases.WidgetsPageTest" name="verifyProgressBar" time="27.557"/>
  <testcase classname="com.crm.qa.testCases.WidgetsPageTest" name="verifyTabs" time="21.852"/>
  <testcase classname="com.crm.qa.testCases.WidgetsPageTest" name="verifyToolTips" time="23.221"/>
</testsuite> <!-- com.crm.qa.testCases.WidgetsPageTest -->
