<?xml version="1.0" encoding="UTF-8"?>
<!-- Generated by org.testng.reporters.JUnitReportReporter -->
<testsuite hostname="DESKTOP-SO5U9F0" failures="0" tests="5" name="com.crm.qa.testCases.WidgetsPageTest" time="75.803" errors="0" timestamp="2025-09-15T15:11:19 IST" skipped="0">
  <testcase classname="com.crm.qa.testCases.WidgetsPageTest" name="verifyWidgetsAccordianTab" time="10.555"/>
  <testcase classname="com.crm.qa.testCases.WidgetsPageTest" name="verifyAutoCompleteTab" time="11.494"/>
  <testcase classname="com.crm.qa.testCases.WidgetsPageTest" name="verifySliderTab" time="9.249"/>
  <testcase classname="com.crm.qa.testCases.WidgetsPageTest" name="verifyProgressBar" time="24.863"/>
  <testcase classname="com.crm.qa.testCases.WidgetsPageTest" name="verifyTabs" time="19.642"/>
</testsuite> <!-- com.crm.qa.testCases.WidgetsPageTest -->
