<?xml version="1.0" encoding="UTF-8"?>
<!-- Generated by org.testng.reporters.JUnitReportReporter -->
<testsuite hostname="DESKTOP-SO5U9F0" failures="0" tests="1" name="com.crm.qa.testCases.BookStoreApplicationPageTest" time="15.201" errors="0" timestamp="2025-10-06T13:07:27 IST" skipped="0">
  <testcase classname="com.crm.qa.testCases.BookStoreApplicationPageTest" name="verifyLoginuserData" time="15.201"/>
</testsuite> <!-- com.crm.qa.testCases.BookStoreApplicationPageTest -->
