<?xml version="1.0" encoding="UTF-8"?>
<!-- Generated by org.testng.reporters.JUnitReportReporter -->
<testsuite hostname="DESKTOP-SO5U9F0" failures="0" tests="1" name="com.crm.qa.testCases.AlertsFrameAndWindowsPageTest" time="30.124" errors="0" timestamp="2025-09-05T17:41:06 IST" skipped="0">
  <testcase classname="com.crm.qa.testCases.AlertsFrameAndWindowsPageTest" name="verifyAlertFrameWindowText" time="30.124"/>
</testsuite> <!-- com.crm.qa.testCases.AlertsFrameAndWindowsPageTest -->
