<?xml version="1.0" encoding="UTF-8"?>
<!-- Generated by org.testng.reporters.JUnitReportReporter -->
<testsuite hostname="DESKTOP-SO5U9F0" failures="0" tests="1" name="com.crm.qa.testCases.InteractionPageTest" time="17.366" errors="0" timestamp="2025-09-26T11:47:05 IST" skipped="0">
  <testcase classname="com.crm.qa.testCases.InteractionPageTest" name="verifySelectableTab" time="17.366"/>
</testsuite> <!-- com.crm.qa.testCases.InteractionPageTest -->
