<?xml version="1.0" encoding="UTF-8"?>
<!-- Generated by org.testng.reporters.JUnitReportReporter -->
<testsuite hostname="DESKTOP-SO5U9F0" failures="0" tests="4" name="com.crm.qa.testCases.AlertsFrameAndWindowsPageTest" time="71.658" errors="0" timestamp="2025-09-29T12:47:43 IST" skipped="0">
  <testcase classname="com.crm.qa.testCases.AlertsFrameAndWindowsPageTest" name="verifyAlertFrameWindowText" time="21.052"/>
  <testcase classname="com.crm.qa.testCases.AlertsFrameAndWindowsPageTest" name="verifyAllAlertsMethos" time="13.658"/>
  <testcase classname="com.crm.qa.testCases.AlertsFrameAndWindowsPageTest" name="verifyFramesPage" time="21.804"/>
  <testcase classname="com.crm.qa.testCases.AlertsFrameAndWindowsPageTest" name="verifyModalDialogs" time="15.144"/>
</testsuite> <!-- com.crm.qa.testCases.AlertsFrameAndWindowsPageTest -->
