<?xml version="1.0" encoding="UTF-8"?>
<!-- Generated by org.testng.reporters.JUnitReportReporter -->
<testsuite hostname="DESKTOP-SO5U9F0" failures="0" tests="2" name="com.crm.qa.testCases.InteractionPageTest" time="23.132" errors="0" timestamp="2025-09-29T10:54:17 IST" skipped="0">
  <testcase classname="com.crm.qa.testCases.InteractionPageTest" name="verifyInteractionText" time="6.987"/>
  <testcase classname="com.crm.qa.testCases.InteractionPageTest" name="verifySelectableTab" time="16.145"/>
</testsuite> <!-- com.crm.qa.testCases.InteractionPageTest -->
