<?xml version="1.0" encoding="UTF-8"?>
<!-- Generated by org.testng.reporters.JUnitReportReporter -->
<testsuite hostname="DESKTOP-SO5U9F0" failures="0" tests="3" name="com.crm.qa.testCases.HomePageTest" time="22.836" errors="0" timestamp="2025-09-29T11:55:21 IST" skipped="0">
  <testcase classname="com.crm.qa.testCases.HomePageTest" name="HomePageTitleTest" time="6.931"/>
  <testcase classname="com.crm.qa.testCases.HomePageTest" name="toolsQALogoTest" time="7.245"/>
  <testcase classname="com.crm.qa.testCases.HomePageTest" name="verifyClickOnElementsTest" time="8.660"/>
</testsuite> <!-- com.crm.qa.testCases.HomePageTest -->
