<?xml version="1.0" encoding="UTF-8"?>
<!-- Generated by org.testng.reporters.JUnitReportReporter -->
<testsuite hostname="DESKTOP-SO5U9F0" failures="0" tests="1" name="com.crm.qa.testCases.BookStoreApplicationPageTest" time="23.747" errors="0" timestamp="2025-10-01T16:08:27 IST" skipped="0">
  <testcase classname="com.crm.qa.testCases.BookStoreApplicationPageTest" name="verifyBookStoreApplication" time="23.747"/>
</testsuite> <!-- com.crm.qa.testCases.BookStoreApplicationPageTest -->
