<?xml version="1.0" encoding="UTF-8"?>
<!-- Generated by org.testng.reporters.JUnitReportReporter -->
<testsuite hostname="DESKTOP-SO5U9F0" failures="0" tests="8" name="com.crm.qa.testCases.WidgetsPageTest" time="113.246" errors="0" timestamp="2025-09-24T17:26:47 IST" skipped="0">
  <testcase classname="com.crm.qa.testCases.WidgetsPageTest" name="verifyWidgetsAccordianTab" time="8.857"/>
  <testcase classname="com.crm.qa.testCases.WidgetsPageTest" name="verifyAutoCompleteTab" time="10.602"/>
  <testcase classname="com.crm.qa.testCases.WidgetsPageTest" name="verifySliderTab" time="8.115"/>
  <testcase classname="com.crm.qa.testCases.WidgetsPageTest" name="verifyProgressBar" time="22.808"/>
  <testcase classname="com.crm.qa.testCases.WidgetsPageTest" name="verifyTabs" time="16.943"/>
  <testcase classname="com.crm.qa.testCases.WidgetsPageTest" name="verifyToolTips" time="11.487"/>
  <testcase classname="com.crm.qa.testCases.WidgetsPageTest" name="verifyMenu" time="23.226"/>
  <testcase classname="com.crm.qa.testCases.WidgetsPageTest" name="verifiedSelectMenu" time="11.208"/>
</testsuite> <!-- com.crm.qa.testCases.WidgetsPageTest -->
