<?xml version="1.0" encoding="UTF-8"?>
<!-- Generated by org.testng.reporters.JUnitReportReporter -->
<testsuite hostname="DESKTOP-SO5U9F0" failures="0" tests="8" name="com.crm.qa.testCases.WidgetsPageTest" time="97.817" errors="0" timestamp="2025-09-29T15:11:28 IST" skipped="0">
  <testcase classname="com.crm.qa.testCases.WidgetsPageTest" name="verifyWidgetsAccordianTab" time="8.486"/>
  <testcase classname="com.crm.qa.testCases.WidgetsPageTest" name="verifyAutoCompleteTab" time="10.399"/>
  <testcase classname="com.crm.qa.testCases.WidgetsPageTest" name="verifySliderTab" time="7.768"/>
  <testcase classname="com.crm.qa.testCases.WidgetsPageTest" name="verifyProgressBar" time="8.410"/>
  <testcase classname="com.crm.qa.testCases.WidgetsPageTest" name="verifyTabs" time="17.716"/>
  <testcase classname="com.crm.qa.testCases.WidgetsPageTest" name="verifyToolTips" time="11.091"/>
  <testcase classname="com.crm.qa.testCases.WidgetsPageTest" name="verifyMenu" time="22.900"/>
  <testcase classname="com.crm.qa.testCases.WidgetsPageTest" name="verifiedSelectMenu" time="11.047"/>
</testsuite> <!-- com.crm.qa.testCases.WidgetsPageTest -->
