<?xml version="1.0" encoding="UTF-8"?>
<!-- Generated by org.testng.reporters.JUnitReportReporter -->
<testsuite hostname="DESKTOP-SO5U9F0" failures="0" tests="2" name="com.crm.qa.testCases.ElementPageTest" time="10.191" errors="0" timestamp="2025-08-27T15:57:40 IST" skipped="0">
  <testcase classname="com.crm.qa.testCases.ElementPageTest" name="verifyElementsTextTest" time="5.096"/>
  <testcase classname="com.crm.qa.testCases.ElementPageTest" name="verifyClickOnTextBox" time="5.095"/>
</testsuite> <!-- com.crm.qa.testCases.ElementPageTest -->
