<?xml version="1.0" encoding="UTF-8"?>
<!-- Generated by org.testng.reporters.JUnitReportReporter -->
<testsuite hostname="DESKTOP-SO5U9F0" failures="0" tests="1" name="com.crm.qa.testCases.ElementPageTest" time="17.924" errors="0" timestamp="2025-09-01T14:34:17 IST" skipped="0">
  <testcase classname="com.crm.qa.testCases.ElementPageTest" name="verifyBrokenLinks" time="17.924"/>
</testsuite> <!-- com.crm.qa.testCases.ElementPageTest -->
