<?xml version="1.0" encoding="UTF-8"?>
<!-- Generated by org.testng.reporters.JUnitReportReporter -->
<testsuite hostname="DESKTOP-SO5U9F0" failures="0" tests="1" name="com.crm.qa.testCases.FormsPageTest" time="13.020" errors="0" timestamp="2025-09-29T15:03:46 IST" skipped="0">
  <testcase classname="com.crm.qa.testCases.FormsPageTest" name="verifySubmitForm" time="13.020"/>
</testsuite> <!-- com.crm.qa.testCases.FormsPageTest -->
