<?xml version="1.0" encoding="UTF-8"?>
<!-- Generated by org.testng.reporters.JUnitReportReporter -->
<testsuite hostname="DESKTOP-SO5U9F0" failures="0" tests="2" name="com.crm.qa.testCases.FormsPageTest" time="17.248" errors="0" timestamp="2025-09-04T18:04:28 IST" skipped="0">
  <testcase classname="com.crm.qa.testCases.FormsPageTest" name="verifyFormsText" time="6.311"/>
  <testcase classname="com.crm.qa.testCases.FormsPageTest" name="verifySubmitForm" time="10.937"/>
</testsuite> <!-- com.crm.qa.testCases.FormsPageTest -->
