<?xml version="1.0" encoding="UTF-8"?>
<!-- Generated by org.testng.reporters.JUnitReportReporter -->
<testsuite hostname="DESKTOP-SO5U9F0" failures="0" tests="3" name="com.crm.qa.testCases.HomePageTest" time="17.558" errors="0" timestamp="2025-08-26T18:56:04 IST" skipped="0">
  <testcase classname="com.crm.qa.testCases.HomePageTest" name="HomePageTitleTest" time="5.084"/>
  <testcase classname="com.crm.qa.testCases.HomePageTest" name="toolsQALogoTest" time="4.558"/>
  <testcase classname="com.crm.qa.testCases.HomePageTest" name="verifyClickOnElementsTest" time="7.916"/>
</testsuite> <!-- com.crm.qa.testCases.HomePageTest -->
