<?xml version="1.0" encoding="UTF-8"?>
<!-- Generated by org.testng.reporters.JUnitReportReporter -->
<testsuite hostname="DESKTOP-SO5U9F0" failures="0" tests="1" name="com.crm.qa.testCases.FormsPageTest" time="10.266" errors="0" timestamp="2025-09-03T18:44:15 IST" skipped="0">
  <testcase classname="com.crm.qa.testCases.FormsPageTest" name="verifyFormsText" time="10.266"/>
</testsuite> <!-- com.crm.qa.testCases.FormsPageTest -->
